<?xml version="1.0" encoding="UTF-8"?>
<!-- Generated by org.testng.reporters.JUnitReportReporter -->
<testsuite hostname="DESKTOP-Q814VAM" name="vn.tripi.testing.searching.FLightValidate" tests="2" failures="0" timestamp="26 Sep 2018 04:58:36 GMT" time="23.786" errors="0">
  <testcase name="TC_01_Validatesamedestination" time="10.705" classname="vn.tripi.testing.searching.FLightValidate"/>
  <testcase name="TC_02_NoSearchResults" time="13.081" classname="vn.tripi.testing.searching.FLightValidate"/>
</testsuite> <!-- vn.tripi.testing.searching.FLightValidate -->
