<?xml version="1.0" encoding="UTF-8"?>
<!-- Generated by org.testng.reporters.JUnitReportReporter -->
<testsuite hostname="DESKTOP-Q814VAM" name="vn.tripi.testing.searching.ValidateLoginForm" tests="4" failures="0" timestamp="4 Oct 2018 09:22:56 GMT" time="24.987" errors="0">
  <testcase name="TC_02_ValidateUsername" time="6.478" classname="vn.tripi.testing.searching.ValidateLoginForm"/>
  <testcase name="TC_03_Validate_Username_Empty" time="6.056" classname="vn.tripi.testing.searching.ValidateLoginForm"/>
  <testcase name="TC_01_ValidatePassword" time="6.610" classname="vn.tripi.testing.searching.ValidateLoginForm"/>
  <testcase name="TC_04_Validate_Password_Empty" time="5.843" classname="vn.tripi.testing.searching.ValidateLoginForm"/>
</testsuite> <!-- vn.tripi.testing.searching.ValidateLoginForm -->
